[2026-02-17 20:22:54.893] [info] [core] Logging initialized (console=true, file=true, path='./output/logs/rtr.log', level=debug)
[2026-02-17 20:22:54.894] [info] [resource.manager] ResourceManager initialized (frames_in_flight=2, root='./assets/')
[2026-02-17 20:22:54.894] [info] [framework.integration.pbpt.offline_service] PbptOfflineRenderService initialized.
[2026-02-17 20:22:55.222] [info] [rhi.context] Vulkan instance created (app='RTR Framework Offline CBox', validation_layers=true)
[2026-02-17 20:22:55.226] [info] [rhi.context] Vulkan surface created.
[2026-02-17 20:22:55.226] [info] [rhi.context] Vulkan debug messenger created.
[2026-02-17 20:22:55.227] [info] [rhi.device] Physical device selected: 'Apple M1 Pro' (queue_family_index=0)
[2026-02-17 20:22:55.236] [info] [rhi.device] Logical device created.
[2026-02-17 20:22:55.236] [info] [rhi.device] Graphics queue created.
[2026-02-17 20:22:55.236] [info] [rhi.swapchain] Creating swapchain: image_count=3, extent=(1024,1024)
[2026-02-17 20:22:55.237] [info] [rhi.swapchain] Swapchain created with 3 images.
[2026-02-17 20:22:55.239] [info] [render.frame_scheduler] FrameScheduler initialized (max_frames_in_flight=2, image_count=3)
[2026-02-17 20:22:55.259] [info] [framework.core.world] ResourceManager bound to World (bound=true).
[2026-02-17 20:22:55.259] [info] [framework.core.world] Scene created (scene_id=1, name='cbox_scene', scene_count=1, active_scene_id=1)
[2026-02-17 20:22:55.259] [info] [framework.integration.pbpt.import] Importing PBPT scene XML from './assets/pbpt_scene/cbox/cbox.xml'.
[2026-02-17 20:22:55.260] [debug] [framework.core.scene] GameObject created (scene_id=1, game_object_id=1, name='pbpt_camera', count=1)
[2026-02-17 20:22:55.260] [info] [framework.core.camera_manager] Camera created (owner_id=1, camera_count=1, active_owner_id=1)
[2026-02-17 20:22:55.260] [info] [framework.core.camera_manager] Active camera owner changed to 1.
[2026-02-17 20:22:55.260] [info] [framework.core.scene] Scene 1 active camera set to owner 1.
[2026-02-17 20:22:55.260] [debug] [framework.core.game_object] Component added (game_object_id=1, name='pbpt_camera', component_type='N3rtr9framework9component24FreeLookCameraControllerE', component_count=1)
[2026-02-17 20:22:55.260] [debug] [framework.core.scene] GameObject created (scene_id=1, game_object_id=2, name='cbox_luminaire', count=2)
[2026-02-17 20:22:55.260] [debug] [resource.manager] Loading resource from relative path 'pbpt_scene/cbox/meshes/cbox_luminaire.obj' -> 'assets/pbpt_scene/cbox/meshes/cbox_luminaire.obj'
[2026-02-17 20:22:55.261] [debug] [resource.manager] Resource created (handle=1)
[2026-02-17 20:22:55.261] [debug] [framework.core.game_object] Component added (game_object_id=2, name='cbox_luminaire', component_type='N3rtr9framework9component12MeshRendererE', component_count=1)
[2026-02-17 20:22:55.261] [debug] [framework.core.game_object] Component added (game_object_id=2, name='cbox_luminaire', component_type='N3rtr9framework9component8PbptMeshE', component_count=2)
[2026-02-17 20:22:55.261] [debug] [framework.core.game_object] Component added (game_object_id=2, name='cbox_luminaire', component_type='N3rtr9framework9component9PbptLightE', component_count=3)
[2026-02-17 20:22:55.261] [debug] [framework.component.pbpt_light] PbptLight radiance_spectrum updated.
[2026-02-17 20:22:55.261] [debug] [framework.core.scene] GameObject created (scene_id=1, game_object_id=3, name='cbox_floor', count=3)
[2026-02-17 20:22:55.261] [debug] [resource.manager] Loading resource from relative path 'pbpt_scene/cbox/meshes/cbox_floor.obj' -> 'assets/pbpt_scene/cbox/meshes/cbox_floor.obj'
[2026-02-17 20:22:55.261] [debug] [resource.manager] Resource created (handle=2)
[2026-02-17 20:22:55.261] [debug] [framework.core.game_object] Component added (game_object_id=3, name='cbox_floor', component_type='N3rtr9framework9component12MeshRendererE', component_count=1)
[2026-02-17 20:22:55.261] [debug] [framework.core.game_object] Component added (game_object_id=3, name='cbox_floor', component_type='N3rtr9framework9component8PbptMeshE', component_count=2)
[2026-02-17 20:22:55.261] [debug] [framework.core.scene] GameObject created (scene_id=1, game_object_id=4, name='cbox_ceiling', count=4)
[2026-02-17 20:22:55.261] [debug] [resource.manager] Loading resource from relative path 'pbpt_scene/cbox/meshes/cbox_ceiling.obj' -> 'assets/pbpt_scene/cbox/meshes/cbox_ceiling.obj'
[2026-02-17 20:22:55.262] [debug] [resource.manager] Resource created (handle=3)
[2026-02-17 20:22:55.262] [debug] [framework.core.game_object] Component added (game_object_id=4, name='cbox_ceiling', component_type='N3rtr9framework9component12MeshRendererE', component_count=1)
[2026-02-17 20:22:55.262] [debug] [framework.core.game_object] Component added (game_object_id=4, name='cbox_ceiling', component_type='N3rtr9framework9component8PbptMeshE', component_count=2)
[2026-02-17 20:22:55.262] [debug] [framework.core.scene] GameObject created (scene_id=1, game_object_id=5, name='cbox_back', count=5)
[2026-02-17 20:22:55.262] [debug] [resource.manager] Loading resource from relative path 'pbpt_scene/cbox/meshes/cbox_back.obj' -> 'assets/pbpt_scene/cbox/meshes/cbox_back.obj'
[2026-02-17 20:22:55.262] [debug] [resource.manager] Resource created (handle=4)
[2026-02-17 20:22:55.262] [debug] [framework.core.game_object] Component added (game_object_id=5, name='cbox_back', component_type='N3rtr9framework9component12MeshRendererE', component_count=1)
[2026-02-17 20:22:55.262] [debug] [framework.core.game_object] Component added (game_object_id=5, name='cbox_back', component_type='N3rtr9framework9component8PbptMeshE', component_count=2)
[2026-02-17 20:22:55.262] [debug] [framework.core.scene] GameObject created (scene_id=1, game_object_id=6, name='cbox_greenwall', count=6)
[2026-02-17 20:22:55.262] [debug] [resource.manager] Loading resource from relative path 'pbpt_scene/cbox/meshes/cbox_greenwall.obj' -> 'assets/pbpt_scene/cbox/meshes/cbox_greenwall.obj'
[2026-02-17 20:22:55.262] [debug] [resource.manager] Resource created (handle=5)
[2026-02-17 20:22:55.262] [debug] [framework.core.game_object] Component added (game_object_id=6, name='cbox_greenwall', component_type='N3rtr9framework9component12MeshRendererE', component_count=1)
[2026-02-17 20:22:55.262] [debug] [framework.core.game_object] Component added (game_object_id=6, name='cbox_greenwall', component_type='N3rtr9framework9component8PbptMeshE', component_count=2)
[2026-02-17 20:22:55.262] [debug] [framework.core.scene] GameObject created (scene_id=1, game_object_id=7, name='cbox_redwall', count=7)
[2026-02-17 20:22:55.262] [debug] [resource.manager] Loading resource from relative path 'pbpt_scene/cbox/meshes/cbox_redwall.obj' -> 'assets/pbpt_scene/cbox/meshes/cbox_redwall.obj'
[2026-02-17 20:22:55.262] [debug] [resource.manager] Resource created (handle=6)
[2026-02-17 20:22:55.262] [debug] [framework.core.game_object] Component added (game_object_id=7, name='cbox_redwall', component_type='N3rtr9framework9component12MeshRendererE', component_count=1)
[2026-02-17 20:22:55.262] [debug] [framework.core.game_object] Component added (game_object_id=7, name='cbox_redwall', component_type='N3rtr9framework9component8PbptMeshE', component_count=2)
[2026-02-17 20:22:55.262] [debug] [framework.core.scene] GameObject created (scene_id=1, game_object_id=8, name='cbox_smallbox', count=8)
[2026-02-17 20:22:55.262] [debug] [resource.manager] Loading resource from relative path 'pbpt_scene/cbox/meshes/cbox_smallbox.obj' -> 'assets/pbpt_scene/cbox/meshes/cbox_smallbox.obj'
[2026-02-17 20:22:55.262] [debug] [resource.manager] Resource created (handle=7)
[2026-02-17 20:22:55.262] [debug] [framework.core.game_object] Component added (game_object_id=8, name='cbox_smallbox', component_type='N3rtr9framework9component12MeshRendererE', component_count=1)
[2026-02-17 20:22:55.262] [debug] [framework.core.game_object] Component added (game_object_id=8, name='cbox_smallbox', component_type='N3rtr9framework9component8PbptMeshE', component_count=2)
[2026-02-17 20:22:55.262] [debug] [framework.core.scene] GameObject created (scene_id=1, game_object_id=9, name='cbox_largebox', count=9)
[2026-02-17 20:22:55.262] [debug] [resource.manager] Loading resource from relative path 'pbpt_scene/cbox/meshes/cbox_largebox.obj' -> 'assets/pbpt_scene/cbox/meshes/cbox_largebox.obj'
[2026-02-17 20:22:55.263] [debug] [resource.manager] Resource created (handle=8)
[2026-02-17 20:22:55.263] [debug] [framework.core.game_object] Component added (game_object_id=9, name='cbox_largebox', component_type='N3rtr9framework9component12MeshRendererE', component_count=1)
[2026-02-17 20:22:55.263] [debug] [framework.core.game_object] Component added (game_object_id=9, name='cbox_largebox', component_type='N3rtr9framework9component8PbptMeshE', component_count=2)
[2026-02-17 20:22:55.263] [info] [framework.integration.pbpt.import] PBPT XML import completed (shapes=8, lights=1, camera_imported=true).
[2026-02-17 20:22:55.263] [debug] [editor.context] Runtime dependency bound (world=true, resources=true, renderer=true, input=true).
[2026-02-17 20:22:55.263] [info] [editor.host] Editor runtime bound (world=true, resources=true, renderer=true, input=true).
[2026-02-17 20:22:55.263] [debug] [editor.host] Panel registered (id='scene_view', order=5, visible=true, panel_count=1).
[2026-02-17 20:22:55.263] [debug] [editor.host] Panel registered (id='hierarchy', order=100, visible=true, panel_count=2).
[2026-02-17 20:22:55.263] [debug] [editor.host] Panel registered (id='inspector', order=200, visible=true, panel_count=3).
[2026-02-17 20:22:55.263] [debug] [editor.host] Panel registered (id='stats', order=300, visible=true, panel_count=4).
[2026-02-17 20:22:55.263] [debug] [editor.host] Panel registered (id='logger', order=350, visible=true, panel_count=5).
[2026-02-17 20:22:55.263] [debug] [editor.host] Panel registered (id='offline_render', order=250, visible=true, panel_count=6).
[2026-02-17 20:22:55.263] [info] [editor.attach] Editor overlay pipeline created.
[2026-02-17 20:22:55.267] [debug] [editor.attach] Input capture hook bound to editor overlay pipeline.
[2026-02-17 20:22:55.267] [info] [framework.core.engine] Engine run started (paused=false, fixed_dt=0.016666666666666666, max_fixed_steps_per_frame=4, max_frame_delta=0.1)
[2026-02-17 20:22:55.368] [debug] [resource.manager] Handle=1 triggering first GPU upload.
[2026-02-17 20:22:55.368] [debug] [rhi.mesh] Uploading mesh to GPU (vertices=4, indices=6, vertex_bytes=128, index_bytes=24)
[2026-02-17 20:22:55.368] [debug] [rhi.mesh] GPU buffer copy start (bytes=128)
[2026-02-17 20:22:55.371] [debug] [rhi.mesh] GPU buffer copy finished (bytes=128)
[2026-02-17 20:22:55.371] [debug] [rhi.mesh] GPU buffer copy start (bytes=24)
[2026-02-17 20:22:55.371] [debug] [rhi.mesh] GPU buffer copy finished (bytes=24)
[2026-02-17 20:22:55.371] [debug] [rhi.mesh] Mesh GPU upload completed.
[2026-02-17 20:22:55.371] [debug] [resource.manager] Handle=2 triggering first GPU upload.
[2026-02-17 20:22:55.371] [debug] [rhi.mesh] Uploading mesh to GPU (vertices=4, indices=6, vertex_bytes=128, index_bytes=24)
[2026-02-17 20:22:55.371] [debug] [rhi.mesh] GPU buffer copy start (bytes=128)
[2026-02-17 20:22:55.372] [debug] [rhi.mesh] GPU buffer copy finished (bytes=128)
[2026-02-17 20:22:55.372] [debug] [rhi.mesh] GPU buffer copy start (bytes=24)
[2026-02-17 20:22:55.372] [debug] [rhi.mesh] GPU buffer copy finished (bytes=24)
[2026-02-17 20:22:55.372] [debug] [rhi.mesh] Mesh GPU upload completed.
[2026-02-17 20:22:55.372] [debug] [resource.manager] Handle=3 triggering first GPU upload.
[2026-02-17 20:22:55.372] [debug] [rhi.mesh] Uploading mesh to GPU (vertices=8, indices=12, vertex_bytes=256, index_bytes=48)
[2026-02-17 20:22:55.372] [debug] [rhi.mesh] GPU buffer copy start (bytes=256)
[2026-02-17 20:22:55.373] [debug] [rhi.mesh] GPU buffer copy finished (bytes=256)
[2026-02-17 20:22:55.373] [debug] [rhi.mesh] GPU buffer copy start (bytes=48)
[2026-02-17 20:22:55.373] [debug] [rhi.mesh] GPU buffer copy finished (bytes=48)
[2026-02-17 20:22:55.373] [debug] [rhi.mesh] Mesh GPU upload completed.
[2026-02-17 20:22:55.373] [debug] [resource.manager] Handle=4 triggering first GPU upload.
[2026-02-17 20:22:55.373] [debug] [rhi.mesh] Uploading mesh to GPU (vertices=4, indices=6, vertex_bytes=128, index_bytes=24)
[2026-02-17 20:22:55.373] [debug] [rhi.mesh] GPU buffer copy start (bytes=128)
[2026-02-17 20:22:55.374] [debug] [rhi.mesh] GPU buffer copy finished (bytes=128)
[2026-02-17 20:22:55.374] [debug] [rhi.mesh] GPU buffer copy start (bytes=24)
[2026-02-17 20:22:55.374] [debug] [rhi.mesh] GPU buffer copy finished (bytes=24)
[2026-02-17 20:22:55.374] [debug] [rhi.mesh] Mesh GPU upload completed.
[2026-02-17 20:22:55.374] [debug] [resource.manager] Handle=5 triggering first GPU upload.
[2026-02-17 20:22:55.374] [debug] [rhi.mesh] Uploading mesh to GPU (vertices=4, indices=6, vertex_bytes=128, index_bytes=24)
[2026-02-17 20:22:55.374] [debug] [rhi.mesh] GPU buffer copy start (bytes=128)
[2026-02-17 20:22:55.374] [debug] [rhi.mesh] GPU buffer copy finished (bytes=128)
[2026-02-17 20:22:55.375] [debug] [rhi.mesh] GPU buffer copy start (bytes=24)
[2026-02-17 20:22:55.376] [debug] [rhi.mesh] GPU buffer copy finished (bytes=24)
[2026-02-17 20:22:55.376] [debug] [rhi.mesh] Mesh GPU upload completed.
[2026-02-17 20:22:55.376] [debug] [resource.manager] Handle=6 triggering first GPU upload.
[2026-02-17 20:22:55.376] [debug] [rhi.mesh] Uploading mesh to GPU (vertices=4, indices=6, vertex_bytes=128, index_bytes=24)
[2026-02-17 20:22:55.376] [debug] [rhi.mesh] GPU buffer copy start (bytes=128)
[2026-02-17 20:22:55.376] [debug] [rhi.mesh] GPU buffer copy finished (bytes=128)
[2026-02-17 20:22:55.376] [debug] [rhi.mesh] GPU buffer copy start (bytes=24)
[2026-02-17 20:22:55.377] [debug] [rhi.mesh] GPU buffer copy finished (bytes=24)
[2026-02-17 20:22:55.377] [debug] [rhi.mesh] Mesh GPU upload completed.
[2026-02-17 20:22:55.377] [debug] [resource.manager] Handle=7 triggering first GPU upload.
[2026-02-17 20:22:55.377] [debug] [rhi.mesh] Uploading mesh to GPU (vertices=24, indices=36, vertex_bytes=768, index_bytes=144)
[2026-02-17 20:22:55.377] [debug] [rhi.mesh] GPU buffer copy start (bytes=768)
[2026-02-17 20:22:55.377] [debug] [rhi.mesh] GPU buffer copy finished (bytes=768)
[2026-02-17 20:22:55.377] [debug] [rhi.mesh] GPU buffer copy start (bytes=144)
[2026-02-17 20:22:55.377] [debug] [rhi.mesh] GPU buffer copy finished (bytes=144)
[2026-02-17 20:22:55.377] [debug] [rhi.mesh] Mesh GPU upload completed.
[2026-02-17 20:22:55.377] [debug] [resource.manager] Handle=8 triggering first GPU upload.
[2026-02-17 20:22:55.377] [debug] [rhi.mesh] Uploading mesh to GPU (vertices=24, indices=36, vertex_bytes=768, index_bytes=144)
[2026-02-17 20:22:55.377] [debug] [rhi.mesh] GPU buffer copy start (bytes=768)
[2026-02-17 20:22:55.378] [debug] [rhi.mesh] GPU buffer copy finished (bytes=768)
[2026-02-17 20:22:55.378] [debug] [rhi.mesh] GPU buffer copy start (bytes=144)
[2026-02-17 20:22:55.378] [debug] [rhi.mesh] GPU buffer copy finished (bytes=144)
[2026-02-17 20:22:55.378] [debug] [rhi.mesh] Mesh GPU upload completed.
[2026-02-17 20:22:57.904] [info] [render.frame_scheduler] Window resized to (3024, 1898), scheduling swapchain recreation.
[2026-02-17 20:22:57.918] [warning] [render.frame_scheduler] Swapchain suboptimal during presentation; scheduling recreation.
[2026-02-17 20:22:57.918] [info] [render.frame_scheduler] Recreating swapchain resources after present/resize event.
[2026-02-17 20:22:57.920] [info] [rhi.swapchain] Creating swapchain: image_count=3, extent=(3024,1898)
[2026-02-17 20:22:57.920] [info] [rhi.swapchain] Swapchain created with 3 images.
[2026-02-17 20:22:57.920] [info] [render.frame_scheduler] Swapchain resources recreated (generation 1 -> 2).
[2026-02-17 20:23:31.996] [info] [render.frame_scheduler] Window resized to (1024, 1024), scheduling swapchain recreation.
[2026-02-17 20:23:32.011] [warning] [render.frame_scheduler] Swapchain suboptimal during presentation; scheduling recreation.
[2026-02-17 20:23:32.011] [info] [render.frame_scheduler] Recreating swapchain resources after present/resize event.
[2026-02-17 20:23:32.012] [info] [rhi.swapchain] Creating swapchain: image_count=3, extent=(1024,1024)
[2026-02-17 20:23:32.012] [info] [rhi.swapchain] Swapchain created with 3 images.
[2026-02-17 20:23:32.012] [info] [render.frame_scheduler] Swapchain resources recreated (generation 2 -> 3).
[2026-02-17 20:23:38.128] [info] [render.frame_scheduler] Window resized to (1050, 1024), scheduling swapchain recreation.
[2026-02-17 20:23:38.130] [info] [render.frame_scheduler] Window resized to (1062, 1024), scheduling swapchain recreation.
[2026-02-17 20:23:38.136] [info] [render.frame_scheduler] Window resized to (1074, 1024), scheduling swapchain recreation.
[2026-02-17 20:23:38.144] [info] [render.frame_scheduler] Window resized to (1088, 1026), scheduling swapchain recreation.
[2026-02-17 20:23:38.153] [info] [render.frame_scheduler] Window resized to (1104, 1028), scheduling swapchain recreation.
[2026-02-17 20:23:38.163] [info] [render.frame_scheduler] Window resized to (1120, 1030), scheduling swapchain recreation.
[2026-02-17 20:23:38.169] [info] [render.frame_scheduler] Window resized to (1130, 1032), scheduling swapchain recreation.
[2026-02-17 20:23:38.178] [info] [render.frame_scheduler] Window resized to (1142, 1034), scheduling swapchain recreation.
[2026-02-17 20:23:38.186] [info] [render.frame_scheduler] Window resized to (1156, 1036), scheduling swapchain recreation.
[2026-02-17 20:23:38.194] [info] [render.frame_scheduler] Window resized to (1170, 1038), scheduling swapchain recreation.
[2026-02-17 20:23:38.203] [info] [render.frame_scheduler] Window resized to (1186, 1040), scheduling swapchain recreation.
[2026-02-17 20:23:38.211] [info] [render.frame_scheduler] Window resized to (1200, 1042), scheduling swapchain recreation.
[2026-02-17 20:23:38.219] [info] [render.frame_scheduler] Window resized to (1214, 1044), scheduling swapchain recreation.
[2026-02-17 20:23:38.228] [info] [render.frame_scheduler] Window resized to (1230, 1044), scheduling swapchain recreation.
[2026-02-17 20:23:38.236] [info] [render.frame_scheduler] Window resized to (1242, 1046), scheduling swapchain recreation.
[2026-02-17 20:23:38.244] [info] [render.frame_scheduler] Window resized to (1264, 1048), scheduling swapchain recreation.
[2026-02-17 20:23:38.252] [info] [render.frame_scheduler] Window resized to (1274, 1048), scheduling swapchain recreation.
[2026-02-17 20:23:38.261] [info] [render.frame_scheduler] Window resized to (1286, 1048), scheduling swapchain recreation.
[2026-02-17 20:23:38.269] [info] [render.frame_scheduler] Window resized to (1296, 1048), scheduling swapchain recreation.
[2026-02-17 20:23:38.278] [info] [render.frame_scheduler] Window resized to (1306, 1048), scheduling swapchain recreation.
[2026-02-17 20:23:38.286] [info] [render.frame_scheduler] Window resized to (1316, 1048), scheduling swapchain recreation.
[2026-02-17 20:23:38.294] [info] [render.frame_scheduler] Window resized to (1324, 1048), scheduling swapchain recreation.
[2026-02-17 20:23:38.302] [info] [render.frame_scheduler] Window resized to (1332, 1048), scheduling swapchain recreation.
[2026-02-17 20:23:38.311] [info] [render.frame_scheduler] Window resized to (1340, 1048), scheduling swapchain recreation.
[2026-02-17 20:23:38.319] [info] [render.frame_scheduler] Window resized to (1346, 1048), scheduling swapchain recreation.
[2026-02-17 20:23:38.328] [info] [render.frame_scheduler] Window resized to (1350, 1048), scheduling swapchain recreation.
[2026-02-17 20:23:38.336] [info] [render.frame_scheduler] Window resized to (1358, 1048), scheduling swapchain recreation.
[2026-02-17 20:23:38.344] [info] [render.frame_scheduler] Window resized to (1364, 1048), scheduling swapchain recreation.
[2026-02-17 20:23:38.353] [info] [render.frame_scheduler] Window resized to (1370, 1048), scheduling swapchain recreation.
[2026-02-17 20:23:38.361] [info] [render.frame_scheduler] Window resized to (1376, 1048), scheduling swapchain recreation.
[2026-02-17 20:23:38.369] [info] [render.frame_scheduler] Window resized to (1384, 1048), scheduling swapchain recreation.
[2026-02-17 20:23:38.378] [info] [render.frame_scheduler] Window resized to (1390, 1048), scheduling swapchain recreation.
[2026-02-17 20:23:38.386] [info] [render.frame_scheduler] Window resized to (1398, 1048), scheduling swapchain recreation.
[2026-02-17 20:23:38.394] [info] [render.frame_scheduler] Window resized to (1402, 1048), scheduling swapchain recreation.
[2026-02-17 20:23:38.403] [info] [render.frame_scheduler] Window resized to (1406, 1048), scheduling swapchain recreation.
[2026-02-17 20:23:38.411] [info] [render.frame_scheduler] Window resized to (1412, 1048), scheduling swapchain recreation.
[2026-02-17 20:23:38.419] [info] [render.frame_scheduler] Window resized to (1416, 1048), scheduling swapchain recreation.
[2026-02-17 20:23:38.430] [info] [render.frame_scheduler] Window resized to (1420, 1048), scheduling swapchain recreation.
[2026-02-17 20:23:38.436] [info] [render.frame_scheduler] Window resized to (1422, 1048), scheduling swapchain recreation.
[2026-02-17 20:23:38.445] [info] [render.frame_scheduler] Window resized to (1426, 1048), scheduling swapchain recreation.
[2026-02-17 20:23:38.453] [info] [render.frame_scheduler] Window resized to (1428, 1048), scheduling swapchain recreation.
[2026-02-17 20:23:38.461] [info] [render.frame_scheduler] Window resized to (1430, 1048), scheduling swapchain recreation.
[2026-02-17 20:23:38.470] [info] [render.frame_scheduler] Window resized to (1432, 1048), scheduling swapchain recreation.
[2026-02-17 20:23:38.478] [info] [render.frame_scheduler] Window resized to (1434, 1048), scheduling swapchain recreation.
[2026-02-17 20:23:38.495] [info] [render.frame_scheduler] Window resized to (1436, 1048), scheduling swapchain recreation.
[2026-02-17 20:23:38.704] [warning] [render.frame_scheduler] Swapchain suboptimal during presentation; scheduling recreation.
[2026-02-17 20:23:38.704] [info] [render.frame_scheduler] Recreating swapchain resources after present/resize event.
[2026-02-17 20:23:38.705] [info] [rhi.swapchain] Creating swapchain: image_count=3, extent=(1436,1048)
[2026-02-17 20:23:38.705] [info] [rhi.swapchain] Swapchain created with 3 images.
[2026-02-17 20:23:38.705] [info] [render.frame_scheduler] Swapchain resources recreated (generation 3 -> 4).
[2026-02-17 20:23:40.431] [info] [render.frame_scheduler] Window resized to (1456, 1062), scheduling swapchain recreation.
[2026-02-17 20:23:40.436] [info] [render.frame_scheduler] Window resized to (1466, 1068), scheduling swapchain recreation.
[2026-02-17 20:23:40.445] [info] [render.frame_scheduler] Window resized to (1476, 1074), scheduling swapchain recreation.
[2026-02-17 20:23:40.453] [info] [render.frame_scheduler] Window resized to (1488, 1080), scheduling swapchain recreation.
[2026-02-17 20:23:40.461] [info] [render.frame_scheduler] Window resized to (1508, 1092), scheduling swapchain recreation.
[2026-02-17 20:23:40.469] [info] [render.frame_scheduler] Window resized to (1524, 1100), scheduling swapchain recreation.
[2026-02-17 20:23:40.478] [info] [render.frame_scheduler] Window resized to (1540, 1108), scheduling swapchain recreation.
[2026-02-17 20:23:40.486] [info] [render.frame_scheduler] Window resized to (1554, 1114), scheduling swapchain recreation.
[2026-02-17 20:23:40.494] [info] [render.frame_scheduler] Window resized to (1564, 1118), scheduling swapchain recreation.
[2026-02-17 20:23:40.503] [info] [render.frame_scheduler] Window resized to (1578, 1124), scheduling swapchain recreation.
[2026-02-17 20:23:40.511] [info] [render.frame_scheduler] Window resized to (1590, 1128), scheduling swapchain recreation.
[2026-02-17 20:23:40.519] [info] [render.frame_scheduler] Window resized to (1598, 1132), scheduling swapchain recreation.
[2026-02-17 20:23:40.528] [info] [render.frame_scheduler] Window resized to (1602, 1134), scheduling swapchain recreation.
[2026-02-17 20:23:40.536] [info] [render.frame_scheduler] Window resized to (1608, 1138), scheduling swapchain recreation.
[2026-02-17 20:23:40.544] [info] [render.frame_scheduler] Window resized to (1614, 1140), scheduling swapchain recreation.
[2026-02-17 20:23:40.553] [info] [render.frame_scheduler] Window resized to (1620, 1142), scheduling swapchain recreation.
[2026-02-17 20:23:40.561] [info] [render.frame_scheduler] Window resized to (1624, 1146), scheduling swapchain recreation.
[2026-02-17 20:23:40.569] [info] [render.frame_scheduler] Window resized to (1628, 1146), scheduling swapchain recreation.
[2026-02-17 20:23:40.578] [info] [render.frame_scheduler] Window resized to (1630, 1148), scheduling swapchain recreation.
[2026-02-17 20:23:40.586] [info] [render.frame_scheduler] Window resized to (1632, 1148), scheduling swapchain recreation.
[2026-02-17 20:23:40.594] [info] [render.frame_scheduler] Window resized to (1634, 1150), scheduling swapchain recreation.
[2026-02-17 20:23:40.636] [info] [render.frame_scheduler] Window resized to (1636, 1150), scheduling swapchain recreation.
[2026-02-17 20:23:40.709] [warning] [render.frame_scheduler] Swapchain suboptimal during presentation; scheduling recreation.
[2026-02-17 20:23:40.709] [info] [render.frame_scheduler] Recreating swapchain resources after present/resize event.
[2026-02-17 20:23:40.711] [info] [rhi.swapchain] Creating swapchain: image_count=3, extent=(1636,1150)
[2026-02-17 20:23:40.711] [info] [rhi.swapchain] Swapchain created with 3 images.
[2026-02-17 20:23:40.711] [info] [render.frame_scheduler] Swapchain resources recreated (generation 4 -> 5).
[2026-02-17 20:23:42.708] [info] [render.frame_scheduler] Window resized to (1706, 1150), scheduling swapchain recreation.
[2026-02-17 20:23:42.711] [info] [render.frame_scheduler] Window resized to (1734, 1150), scheduling swapchain recreation.
[2026-02-17 20:23:42.720] [info] [render.frame_scheduler] Window resized to (1762, 1150), scheduling swapchain recreation.
[2026-02-17 20:23:42.733] [info] [render.frame_scheduler] Window resized to (1802, 1150), scheduling swapchain recreation.
[2026-02-17 20:23:42.740] [info] [render.frame_scheduler] Window resized to (1836, 1150), scheduling swapchain recreation.
[2026-02-17 20:23:42.749] [info] [render.frame_scheduler] Window resized to (1884, 1150), scheduling swapchain recreation.
[2026-02-17 20:23:42.757] [info] [render.frame_scheduler] Window resized to (1912, 1150), scheduling swapchain recreation.
[2026-02-17 20:23:42.765] [info] [render.frame_scheduler] Window resized to (1946, 1150), scheduling swapchain recreation.
[2026-02-17 20:23:42.774] [info] [render.frame_scheduler] Window resized to (1978, 1150), scheduling swapchain recreation.
[2026-02-17 20:23:42.782] [info] [render.frame_scheduler] Window resized to (2010, 1150), scheduling swapchain recreation.
[2026-02-17 20:23:42.790] [info] [render.frame_scheduler] Window resized to (2040, 1150), scheduling swapchain recreation.
[2026-02-17 20:23:42.799] [info] [render.frame_scheduler] Window resized to (2068, 1150), scheduling swapchain recreation.
[2026-02-17 20:23:42.807] [info] [render.frame_scheduler] Window resized to (2086, 1150), scheduling swapchain recreation.
[2026-02-17 20:23:42.815] [info] [render.frame_scheduler] Window resized to (2100, 1150), scheduling swapchain recreation.
[2026-02-17 20:23:42.824] [info] [render.frame_scheduler] Window resized to (2120, 1150), scheduling swapchain recreation.
[2026-02-17 20:23:42.832] [info] [render.frame_scheduler] Window resized to (2140, 1152), scheduling swapchain recreation.
[2026-02-17 20:23:42.841] [info] [render.frame_scheduler] Window resized to (2158, 1152), scheduling swapchain recreation.
[2026-02-17 20:23:42.848] [info] [render.frame_scheduler] Window resized to (2172, 1154), scheduling swapchain recreation.
[2026-02-17 20:23:42.857] [info] [render.frame_scheduler] Window resized to (2184, 1156), scheduling swapchain recreation.
[2026-02-17 20:23:42.865] [info] [render.frame_scheduler] Window resized to (2192, 1156), scheduling swapchain recreation.
[2026-02-17 20:23:42.873] [info] [render.frame_scheduler] Window resized to (2204, 1158), scheduling swapchain recreation.
[2026-02-17 20:23:42.882] [info] [render.frame_scheduler] Window resized to (2208, 1158), scheduling swapchain recreation.
[2026-02-17 20:23:42.890] [info] [render.frame_scheduler] Window resized to (2212, 1158), scheduling swapchain recreation.
[2026-02-17 20:23:42.898] [info] [render.frame_scheduler] Window resized to (2214, 1160), scheduling swapchain recreation.
[2026-02-17 20:23:42.907] [info] [render.frame_scheduler] Window resized to (2218, 1160), scheduling swapchain recreation.
[2026-02-17 20:23:42.915] [info] [render.frame_scheduler] Window resized to (2220, 1160), scheduling swapchain recreation.
[2026-02-17 20:23:42.940] [info] [render.frame_scheduler] Window resized to (2222, 1160), scheduling swapchain recreation.
[2026-02-17 20:23:43.012] [warning] [render.frame_scheduler] Swapchain suboptimal during presentation; scheduling recreation.
[2026-02-17 20:23:43.013] [info] [render.frame_scheduler] Recreating swapchain resources after present/resize event.
[2026-02-17 20:23:43.014] [info] [rhi.swapchain] Creating swapchain: image_count=3, extent=(2222,1160)
[2026-02-17 20:23:43.014] [info] [rhi.swapchain] Swapchain created with 3 images.
[2026-02-17 20:23:43.014] [info] [render.frame_scheduler] Swapchain resources recreated (generation 5 -> 6).
[2026-02-17 20:23:44.905] [info] [render.frame_scheduler] Window resized to (2222, 1184), scheduling swapchain recreation.
[2026-02-17 20:23:44.906] [info] [render.frame_scheduler] Window resized to (2222, 1192), scheduling swapchain recreation.
[2026-02-17 20:23:44.915] [info] [render.frame_scheduler] Window resized to (2222, 1204), scheduling swapchain recreation.
[2026-02-17 20:23:44.923] [info] [render.frame_scheduler] Window resized to (2222, 1216), scheduling swapchain recreation.
[2026-02-17 20:23:44.936] [info] [render.frame_scheduler] Window resized to (2222, 1242), scheduling swapchain recreation.
[2026-02-17 20:23:44.944] [info] [render.frame_scheduler] Window resized to (2222, 1250), scheduling swapchain recreation.
[2026-02-17 20:23:44.952] [info] [render.frame_scheduler] Window resized to (2222, 1262), scheduling swapchain recreation.
[2026-02-17 20:23:44.961] [info] [render.frame_scheduler] Window resized to (2222, 1278), scheduling swapchain recreation.
[2026-02-17 20:23:44.969] [info] [render.frame_scheduler] Window resized to (2222, 1292), scheduling swapchain recreation.
[2026-02-17 20:23:44.977] [info] [render.frame_scheduler] Window resized to (2222, 1306), scheduling swapchain recreation.
[2026-02-17 20:23:44.986] [info] [render.frame_scheduler] Window resized to (2222, 1322), scheduling swapchain recreation.
[2026-02-17 20:23:44.994] [info] [render.frame_scheduler] Window resized to (2222, 1336), scheduling swapchain recreation.
[2026-02-17 20:23:45.002] [info] [render.frame_scheduler] Window resized to (2222, 1358), scheduling swapchain recreation.
[2026-02-17 20:23:45.011] [info] [render.frame_scheduler] Window resized to (2222, 1366), scheduling swapchain recreation.
[2026-02-17 20:23:45.019] [info] [render.frame_scheduler] Window resized to (2222, 1376), scheduling swapchain recreation.
[2026-02-17 20:23:45.027] [info] [render.frame_scheduler] Window resized to (2222, 1384), scheduling swapchain recreation.
[2026-02-17 20:23:45.035] [info] [render.frame_scheduler] Window resized to (2222, 1396), scheduling swapchain recreation.
[2026-02-17 20:23:45.044] [info] [render.frame_scheduler] Window resized to (2222, 1402), scheduling swapchain recreation.
[2026-02-17 20:23:45.052] [info] [render.frame_scheduler] Window resized to (2222, 1408), scheduling swapchain recreation.
[2026-02-17 20:23:45.060] [info] [render.frame_scheduler] Window resized to (2222, 1414), scheduling swapchain recreation.
[2026-02-17 20:23:45.069] [info] [render.frame_scheduler] Window resized to (2222, 1420), scheduling swapchain recreation.
[2026-02-17 20:23:45.077] [info] [render.frame_scheduler] Window resized to (2222, 1424), scheduling swapchain recreation.
[2026-02-17 20:23:45.086] [info] [render.frame_scheduler] Window resized to (2222, 1428), scheduling swapchain recreation.
[2026-02-17 20:23:45.094] [info] [render.frame_scheduler] Window resized to (2222, 1432), scheduling swapchain recreation.
[2026-02-17 20:23:45.102] [info] [render.frame_scheduler] Window resized to (2222, 1436), scheduling swapchain recreation.
[2026-02-17 20:23:45.111] [info] [render.frame_scheduler] Window resized to (2222, 1440), scheduling swapchain recreation.
[2026-02-17 20:23:45.119] [info] [render.frame_scheduler] Window resized to (2222, 1444), scheduling swapchain recreation.
[2026-02-17 20:23:45.127] [info] [render.frame_scheduler] Window resized to (2222, 1446), scheduling swapchain recreation.
[2026-02-17 20:23:45.136] [info] [render.frame_scheduler] Window resized to (2222, 1448), scheduling swapchain recreation.
[2026-02-17 20:23:45.146] [info] [render.frame_scheduler] Window resized to (2222, 1450), scheduling swapchain recreation.
[2026-02-17 20:23:45.152] [info] [render.frame_scheduler] Window resized to (2222, 1452), scheduling swapchain recreation.
[2026-02-17 20:23:45.169] [info] [render.frame_scheduler] Window resized to (2222, 1454), scheduling swapchain recreation.
[2026-02-17 20:23:45.250] [warning] [render.frame_scheduler] Swapchain suboptimal during presentation; scheduling recreation.
[2026-02-17 20:23:45.251] [info] [render.frame_scheduler] Recreating swapchain resources after present/resize event.
[2026-02-17 20:23:45.252] [info] [rhi.swapchain] Creating swapchain: image_count=3, extent=(2222,1454)
[2026-02-17 20:23:45.252] [info] [rhi.swapchain] Swapchain created with 3 images.
[2026-02-17 20:23:45.253] [info] [render.frame_scheduler] Swapchain resources recreated (generation 6 -> 7).
[2026-02-17 20:24:12.521] [debug] [editor.context] Selection changed (old_scene_id=0, old_game_object_id=0, new_scene_id=1, new_game_object_id=7).
[2026-02-17 20:24:12.521] [debug] [editor.panel.hierarchy] Hierarchy selected node (scene_id=1, game_object_id=7, name='cbox_redwall').
[2026-02-17 20:24:13.171] [debug] [editor.context] Selection changed (old_scene_id=1, old_game_object_id=7, new_scene_id=1, new_game_object_id=6).
[2026-02-17 20:24:13.171] [debug] [editor.panel.hierarchy] Hierarchy selected node (scene_id=1, game_object_id=6, name='cbox_greenwall').
[2026-02-17 20:24:14.029] [debug] [editor.context] Selection changed (old_scene_id=1, old_game_object_id=6, new_scene_id=1, new_game_object_id=5).
[2026-02-17 20:24:14.029] [debug] [editor.panel.hierarchy] Hierarchy selected node (scene_id=1, game_object_id=5, name='cbox_back').
[2026-02-17 20:24:14.971] [debug] [editor.context] Selection changed (old_scene_id=1, old_game_object_id=5, new_scene_id=1, new_game_object_id=6).
[2026-02-17 20:24:14.971] [debug] [editor.panel.hierarchy] Hierarchy selected node (scene_id=1, game_object_id=6, name='cbox_greenwall').
[2026-02-17 20:24:15.604] [debug] [editor.context] Selection changed (old_scene_id=1, old_game_object_id=6, new_scene_id=1, new_game_object_id=8).
[2026-02-17 20:24:15.604] [debug] [editor.panel.hierarchy] Hierarchy selected node (scene_id=1, game_object_id=8, name='cbox_smallbox').
[2026-02-17 20:24:19.604] [debug] [editor.context] Selection changed (old_scene_id=1, old_game_object_id=8, new_scene_id=1, new_game_object_id=4).
[2026-02-17 20:24:19.604] [debug] [editor.panel.hierarchy] Hierarchy selected node (scene_id=1, game_object_id=4, name='cbox_ceiling').
[2026-02-17 20:24:20.296] [debug] [editor.context] Selection changed (old_scene_id=1, old_game_object_id=4, new_scene_id=1, new_game_object_id=5).
[2026-02-17 20:24:20.296] [debug] [editor.panel.hierarchy] Hierarchy selected node (scene_id=1, game_object_id=5, name='cbox_back').
[2026-02-17 20:24:22.387] [debug] [editor.context] Selection changed (old_scene_id=1, old_game_object_id=5, new_scene_id=1, new_game_object_id=4).
[2026-02-17 20:24:22.387] [debug] [editor.panel.hierarchy] Hierarchy selected node (scene_id=1, game_object_id=4, name='cbox_ceiling').
[2026-02-17 20:24:23.012] [debug] [editor.context] Selection changed (old_scene_id=1, old_game_object_id=4, new_scene_id=1, new_game_object_id=5).
[2026-02-17 20:24:23.012] [debug] [editor.panel.hierarchy] Hierarchy selected node (scene_id=1, game_object_id=5, name='cbox_back').
[2026-02-17 20:24:23.713] [debug] [editor.context] Selection changed (old_scene_id=1, old_game_object_id=5, new_scene_id=1, new_game_object_id=6).
[2026-02-17 20:24:23.713] [debug] [editor.panel.hierarchy] Hierarchy selected node (scene_id=1, game_object_id=6, name='cbox_greenwall').
[2026-02-17 20:24:26.529] [debug] [editor.context] Selection changed (old_scene_id=1, old_game_object_id=6, new_scene_id=1, new_game_object_id=1).
[2026-02-17 20:24:26.529] [debug] [editor.panel.hierarchy] Hierarchy selected node (scene_id=1, game_object_id=1, name='pbpt_camera').
[2026-02-17 20:24:43.013] [info] [framework.core.engine] Engine run finished (frames=12277, fixed_ticks=6208, stop_requested=false, should_close=true)
[2026-02-17 20:24:43.015] [info] [resource.manager] Flushing GPU caches after wait_idle (live_resources=8, retired_resources=0)
[2026-02-17 20:24:43.039] [info] [framework.integration.pbpt.offline_service] Offline render cancel requested while not running.
