[2026-02-16 21:22:21.009] [info] [core] Logging initialized (console=true, file=true, path='./output/logs/rtr.log', level=debug)
[2026-02-16 21:22:21.010] [info] [resource.manager] ResourceManager initialized (frames_in_flight=2, root='./assets/')
[2026-02-16 21:22:21.010] [info] [framework.integration.pbpt.offline_service] PbptOfflineRenderService initialized.
[2026-02-16 21:22:21.291] [info] [rhi.context] Vulkan instance created (app='RTR Framework Offline CBox', validation_layers=true)
[2026-02-16 21:22:21.295] [info] [rhi.context] Vulkan surface created.
[2026-02-16 21:22:21.295] [info] [rhi.context] Vulkan debug messenger created.
[2026-02-16 21:22:21.297] [info] [rhi.device] Physical device selected: 'Apple M1 Pro' (queue_family_index=0)
[2026-02-16 21:22:21.305] [info] [rhi.device] Logical device created.
[2026-02-16 21:22:21.305] [info] [rhi.device] Graphics queue created.
[2026-02-16 21:22:21.305] [info] [rhi.swapchain] Creating swapchain: image_count=3, extent=(1024,1024)
[2026-02-16 21:22:21.306] [info] [rhi.swapchain] Swapchain created with 3 images.
[2026-02-16 21:22:21.308] [info] [render.frame_scheduler] FrameScheduler initialized (max_frames_in_flight=2, image_count=3)
[2026-02-16 21:22:21.328] [info] [framework.core.world] ResourceManager bound to World (bound=true).
[2026-02-16 21:22:21.328] [info] [framework.core.world] Scene created (scene_id=1, name='cbox_scene', scene_count=1, active_scene_id=1)
[2026-02-16 21:22:21.328] [info] [framework.integration.pbpt.import] Importing PBPT scene XML from './assets/pbpt_scene/cbox/cbox.xml'.
[2026-02-16 21:22:21.329] [debug] [framework.core.scene] GameObject created (scene_id=1, game_object_id=1, name='pbpt_camera', count=1)
[2026-02-16 21:22:21.329] [info] [framework.core.camera_manager] Camera created (owner_id=1, camera_count=1, active_owner_id=1)
[2026-02-16 21:22:21.329] [info] [framework.core.camera_manager] Active camera owner changed to 1.
[2026-02-16 21:22:21.329] [info] [framework.core.scene] Scene 1 active camera set to owner 1.
[2026-02-16 21:22:21.329] [debug] [framework.core.game_object] Component added (game_object_id=1, name='pbpt_camera', component_type='N3rtr9framework9component24FreeLookCameraControllerE', component_count=1)
[2026-02-16 21:22:21.329] [debug] [framework.core.scene] GameObject created (scene_id=1, game_object_id=2, name='cbox_luminaire', count=2)
[2026-02-16 21:22:21.329] [debug] [resource.manager] Loading resource from relative path 'pbpt_scene/cbox/meshes/cbox_luminaire.obj' -> 'assets/pbpt_scene/cbox/meshes/cbox_luminaire.obj'
[2026-02-16 21:22:21.330] [debug] [resource.manager] Resource created (handle=1)
[2026-02-16 21:22:21.330] [debug] [framework.core.game_object] Component added (game_object_id=2, name='cbox_luminaire', component_type='N3rtr9framework9component12MeshRendererE', component_count=1)
[2026-02-16 21:22:21.330] [debug] [framework.core.game_object] Component added (game_object_id=2, name='cbox_luminaire', component_type='N3rtr9framework9component8PbptMeshE', component_count=2)
[2026-02-16 21:22:21.330] [debug] [framework.core.game_object] Component added (game_object_id=2, name='cbox_luminaire', component_type='N3rtr9framework9component9PbptLightE', component_count=3)
[2026-02-16 21:22:21.330] [debug] [framework.component.pbpt_light] PbptLight radiance_spectrum updated.
[2026-02-16 21:22:21.330] [debug] [framework.core.scene] GameObject created (scene_id=1, game_object_id=3, name='cbox_floor', count=3)
[2026-02-16 21:22:21.330] [debug] [resource.manager] Loading resource from relative path 'pbpt_scene/cbox/meshes/cbox_floor.obj' -> 'assets/pbpt_scene/cbox/meshes/cbox_floor.obj'
[2026-02-16 21:22:21.330] [debug] [resource.manager] Resource created (handle=2)
[2026-02-16 21:22:21.330] [debug] [framework.core.game_object] Component added (game_object_id=3, name='cbox_floor', component_type='N3rtr9framework9component12MeshRendererE', component_count=1)
[2026-02-16 21:22:21.330] [debug] [framework.core.game_object] Component added (game_object_id=3, name='cbox_floor', component_type='N3rtr9framework9component8PbptMeshE', component_count=2)
[2026-02-16 21:22:21.330] [debug] [framework.core.scene] GameObject created (scene_id=1, game_object_id=4, name='cbox_ceiling', count=4)
[2026-02-16 21:22:21.330] [debug] [resource.manager] Loading resource from relative path 'pbpt_scene/cbox/meshes/cbox_ceiling.obj' -> 'assets/pbpt_scene/cbox/meshes/cbox_ceiling.obj'
[2026-02-16 21:22:21.331] [debug] [resource.manager] Resource created (handle=3)
[2026-02-16 21:22:21.331] [debug] [framework.core.game_object] Component added (game_object_id=4, name='cbox_ceiling', component_type='N3rtr9framework9component12MeshRendererE', component_count=1)
[2026-02-16 21:22:21.331] [debug] [framework.core.game_object] Component added (game_object_id=4, name='cbox_ceiling', component_type='N3rtr9framework9component8PbptMeshE', component_count=2)
[2026-02-16 21:22:21.331] [debug] [framework.core.scene] GameObject created (scene_id=1, game_object_id=5, name='cbox_back', count=5)
[2026-02-16 21:22:21.331] [debug] [resource.manager] Loading resource from relative path 'pbpt_scene/cbox/meshes/cbox_back.obj' -> 'assets/pbpt_scene/cbox/meshes/cbox_back.obj'
[2026-02-16 21:22:21.331] [debug] [resource.manager] Resource created (handle=4)
[2026-02-16 21:22:21.331] [debug] [framework.core.game_object] Component added (game_object_id=5, name='cbox_back', component_type='N3rtr9framework9component12MeshRendererE', component_count=1)
[2026-02-16 21:22:21.331] [debug] [framework.core.game_object] Component added (game_object_id=5, name='cbox_back', component_type='N3rtr9framework9component8PbptMeshE', component_count=2)
[2026-02-16 21:22:21.331] [debug] [framework.core.scene] GameObject created (scene_id=1, game_object_id=6, name='cbox_greenwall', count=6)
[2026-02-16 21:22:21.331] [debug] [resource.manager] Loading resource from relative path 'pbpt_scene/cbox/meshes/cbox_greenwall.obj' -> 'assets/pbpt_scene/cbox/meshes/cbox_greenwall.obj'
[2026-02-16 21:22:21.331] [debug] [resource.manager] Resource created (handle=5)
[2026-02-16 21:22:21.331] [debug] [framework.core.game_object] Component added (game_object_id=6, name='cbox_greenwall', component_type='N3rtr9framework9component12MeshRendererE', component_count=1)
[2026-02-16 21:22:21.331] [debug] [framework.core.game_object] Component added (game_object_id=6, name='cbox_greenwall', component_type='N3rtr9framework9component8PbptMeshE', component_count=2)
[2026-02-16 21:22:21.331] [debug] [framework.core.scene] GameObject created (scene_id=1, game_object_id=7, name='cbox_redwall', count=7)
[2026-02-16 21:22:21.331] [debug] [resource.manager] Loading resource from relative path 'pbpt_scene/cbox/meshes/cbox_redwall.obj' -> 'assets/pbpt_scene/cbox/meshes/cbox_redwall.obj'
[2026-02-16 21:22:21.331] [debug] [resource.manager] Resource created (handle=6)
[2026-02-16 21:22:21.331] [debug] [framework.core.game_object] Component added (game_object_id=7, name='cbox_redwall', component_type='N3rtr9framework9component12MeshRendererE', component_count=1)
[2026-02-16 21:22:21.331] [debug] [framework.core.game_object] Component added (game_object_id=7, name='cbox_redwall', component_type='N3rtr9framework9component8PbptMeshE', component_count=2)
[2026-02-16 21:22:21.331] [debug] [framework.core.scene] GameObject created (scene_id=1, game_object_id=8, name='cbox_smallbox', count=8)
[2026-02-16 21:22:21.331] [debug] [resource.manager] Loading resource from relative path 'pbpt_scene/cbox/meshes/cbox_smallbox.obj' -> 'assets/pbpt_scene/cbox/meshes/cbox_smallbox.obj'
[2026-02-16 21:22:21.331] [debug] [resource.manager] Resource created (handle=7)
[2026-02-16 21:22:21.331] [debug] [framework.core.game_object] Component added (game_object_id=8, name='cbox_smallbox', component_type='N3rtr9framework9component12MeshRendererE', component_count=1)
[2026-02-16 21:22:21.331] [debug] [framework.core.game_object] Component added (game_object_id=8, name='cbox_smallbox', component_type='N3rtr9framework9component8PbptMeshE', component_count=2)
[2026-02-16 21:22:21.331] [debug] [framework.core.scene] GameObject created (scene_id=1, game_object_id=9, name='cbox_largebox', count=9)
[2026-02-16 21:22:21.331] [debug] [resource.manager] Loading resource from relative path 'pbpt_scene/cbox/meshes/cbox_largebox.obj' -> 'assets/pbpt_scene/cbox/meshes/cbox_largebox.obj'
[2026-02-16 21:22:21.332] [debug] [resource.manager] Resource created (handle=8)
[2026-02-16 21:22:21.332] [debug] [framework.core.game_object] Component added (game_object_id=9, name='cbox_largebox', component_type='N3rtr9framework9component12MeshRendererE', component_count=1)
[2026-02-16 21:22:21.332] [debug] [framework.core.game_object] Component added (game_object_id=9, name='cbox_largebox', component_type='N3rtr9framework9component8PbptMeshE', component_count=2)
[2026-02-16 21:22:21.332] [info] [framework.integration.pbpt.import] PBPT XML import completed (shapes=8, lights=1, camera_imported=true).
[2026-02-16 21:22:21.332] [debug] [editor.context] Runtime dependency bound (world=true, resources=true, renderer=true, input=true).
[2026-02-16 21:22:21.332] [info] [editor.host] Editor runtime bound (world=true, resources=true, renderer=true, input=true).
[2026-02-16 21:22:21.332] [debug] [editor.host] Panel registered (id='scene_view', order=5, visible=true, panel_count=1).
[2026-02-16 21:22:21.332] [debug] [editor.host] Panel registered (id='hierarchy', order=100, visible=true, panel_count=2).
[2026-02-16 21:22:21.332] [debug] [editor.host] Panel registered (id='inspector', order=200, visible=true, panel_count=3).
[2026-02-16 21:22:21.332] [debug] [editor.host] Panel registered (id='stats', order=300, visible=true, panel_count=4).
[2026-02-16 21:22:21.332] [debug] [editor.host] Panel registered (id='logger', order=350, visible=true, panel_count=5).
[2026-02-16 21:22:21.332] [debug] [editor.host] Panel registered (id='offline_render', order=250, visible=true, panel_count=6).
[2026-02-16 21:22:21.332] [info] [editor.attach] Editor overlay pipeline created.
[2026-02-16 21:22:21.336] [debug] [editor.attach] Input capture hook bound to editor overlay pipeline.
[2026-02-16 21:22:21.336] [info] [framework.core.engine] Engine run started (paused=false, fixed_dt=0.016666666666666666, max_fixed_steps_per_frame=4, max_frame_delta=0.1)
[2026-02-16 21:22:21.439] [debug] [resource.manager] Handle=1 triggering first GPU upload.
[2026-02-16 21:22:21.439] [debug] [rhi.mesh] Uploading mesh to GPU (vertices=4, indices=6, vertex_bytes=128, index_bytes=24)
[2026-02-16 21:22:21.439] [debug] [rhi.mesh] GPU buffer copy start (bytes=128)
[2026-02-16 21:22:21.441] [debug] [rhi.mesh] GPU buffer copy finished (bytes=128)
[2026-02-16 21:22:21.441] [debug] [rhi.mesh] GPU buffer copy start (bytes=24)
[2026-02-16 21:22:21.442] [debug] [rhi.mesh] GPU buffer copy finished (bytes=24)
[2026-02-16 21:22:21.442] [debug] [rhi.mesh] Mesh GPU upload completed.
[2026-02-16 21:22:21.442] [debug] [resource.manager] Handle=2 triggering first GPU upload.
[2026-02-16 21:22:21.442] [debug] [rhi.mesh] Uploading mesh to GPU (vertices=4, indices=6, vertex_bytes=128, index_bytes=24)
[2026-02-16 21:22:21.442] [debug] [rhi.mesh] GPU buffer copy start (bytes=128)
[2026-02-16 21:22:21.443] [debug] [rhi.mesh] GPU buffer copy finished (bytes=128)
[2026-02-16 21:22:21.443] [debug] [rhi.mesh] GPU buffer copy start (bytes=24)
[2026-02-16 21:22:21.443] [debug] [rhi.mesh] GPU buffer copy finished (bytes=24)
[2026-02-16 21:22:21.443] [debug] [rhi.mesh] Mesh GPU upload completed.
[2026-02-16 21:22:21.443] [debug] [resource.manager] Handle=3 triggering first GPU upload.
[2026-02-16 21:22:21.443] [debug] [rhi.mesh] Uploading mesh to GPU (vertices=8, indices=12, vertex_bytes=256, index_bytes=48)
[2026-02-16 21:22:21.443] [debug] [rhi.mesh] GPU buffer copy start (bytes=256)
[2026-02-16 21:22:21.444] [debug] [rhi.mesh] GPU buffer copy finished (bytes=256)
[2026-02-16 21:22:21.444] [debug] [rhi.mesh] GPU buffer copy start (bytes=48)
[2026-02-16 21:22:21.444] [debug] [rhi.mesh] GPU buffer copy finished (bytes=48)
[2026-02-16 21:22:21.444] [debug] [rhi.mesh] Mesh GPU upload completed.
[2026-02-16 21:22:21.444] [debug] [resource.manager] Handle=4 triggering first GPU upload.
[2026-02-16 21:22:21.444] [debug] [rhi.mesh] Uploading mesh to GPU (vertices=4, indices=6, vertex_bytes=128, index_bytes=24)
[2026-02-16 21:22:21.444] [debug] [rhi.mesh] GPU buffer copy start (bytes=128)
[2026-02-16 21:22:21.444] [debug] [rhi.mesh] GPU buffer copy finished (bytes=128)
[2026-02-16 21:22:21.445] [debug] [rhi.mesh] GPU buffer copy start (bytes=24)
[2026-02-16 21:22:21.445] [debug] [rhi.mesh] GPU buffer copy finished (bytes=24)
[2026-02-16 21:22:21.445] [debug] [rhi.mesh] Mesh GPU upload completed.
[2026-02-16 21:22:21.445] [debug] [resource.manager] Handle=5 triggering first GPU upload.
[2026-02-16 21:22:21.445] [debug] [rhi.mesh] Uploading mesh to GPU (vertices=4, indices=6, vertex_bytes=128, index_bytes=24)
[2026-02-16 21:22:21.445] [debug] [rhi.mesh] GPU buffer copy start (bytes=128)
[2026-02-16 21:22:21.445] [debug] [rhi.mesh] GPU buffer copy finished (bytes=128)
[2026-02-16 21:22:21.445] [debug] [rhi.mesh] GPU buffer copy start (bytes=24)
[2026-02-16 21:22:21.446] [debug] [rhi.mesh] GPU buffer copy finished (bytes=24)
[2026-02-16 21:22:21.446] [debug] [rhi.mesh] Mesh GPU upload completed.
[2026-02-16 21:22:21.446] [debug] [resource.manager] Handle=6 triggering first GPU upload.
[2026-02-16 21:22:21.446] [debug] [rhi.mesh] Uploading mesh to GPU (vertices=4, indices=6, vertex_bytes=128, index_bytes=24)
[2026-02-16 21:22:21.446] [debug] [rhi.mesh] GPU buffer copy start (bytes=128)
[2026-02-16 21:22:21.446] [debug] [rhi.mesh] GPU buffer copy finished (bytes=128)
[2026-02-16 21:22:21.446] [debug] [rhi.mesh] GPU buffer copy start (bytes=24)
[2026-02-16 21:22:21.446] [debug] [rhi.mesh] GPU buffer copy finished (bytes=24)
[2026-02-16 21:22:21.446] [debug] [rhi.mesh] Mesh GPU upload completed.
[2026-02-16 21:22:21.446] [debug] [resource.manager] Handle=7 triggering first GPU upload.
[2026-02-16 21:22:21.446] [debug] [rhi.mesh] Uploading mesh to GPU (vertices=24, indices=36, vertex_bytes=768, index_bytes=144)
[2026-02-16 21:22:21.446] [debug] [rhi.mesh] GPU buffer copy start (bytes=768)
[2026-02-16 21:22:21.447] [debug] [rhi.mesh] GPU buffer copy finished (bytes=768)
[2026-02-16 21:22:21.447] [debug] [rhi.mesh] GPU buffer copy start (bytes=144)
[2026-02-16 21:22:21.447] [debug] [rhi.mesh] GPU buffer copy finished (bytes=144)
[2026-02-16 21:22:21.447] [debug] [rhi.mesh] Mesh GPU upload completed.
[2026-02-16 21:22:21.447] [debug] [resource.manager] Handle=8 triggering first GPU upload.
[2026-02-16 21:22:21.447] [debug] [rhi.mesh] Uploading mesh to GPU (vertices=24, indices=36, vertex_bytes=768, index_bytes=144)
[2026-02-16 21:22:21.447] [debug] [rhi.mesh] GPU buffer copy start (bytes=768)
[2026-02-16 21:22:21.447] [debug] [rhi.mesh] GPU buffer copy finished (bytes=768)
[2026-02-16 21:22:21.448] [debug] [rhi.mesh] GPU buffer copy start (bytes=144)
[2026-02-16 21:22:21.448] [debug] [rhi.mesh] GPU buffer copy finished (bytes=144)
[2026-02-16 21:22:21.448] [debug] [rhi.mesh] Mesh GPU upload completed.
[2026-02-16 21:22:27.228] [info] [render.frame_scheduler] Window resized to (1058, 1024), scheduling swapchain recreation.
[2026-02-16 21:22:27.232] [info] [render.frame_scheduler] Window resized to (1076, 1024), scheduling swapchain recreation.
[2026-02-16 21:22:27.241] [info] [render.frame_scheduler] Window resized to (1094, 1024), scheduling swapchain recreation.
[2026-02-16 21:22:27.249] [info] [render.frame_scheduler] Window resized to (1110, 1024), scheduling swapchain recreation.
[2026-02-16 21:22:27.257] [info] [render.frame_scheduler] Window resized to (1156, 1024), scheduling swapchain recreation.
[2026-02-16 21:22:27.273] [info] [render.frame_scheduler] Window resized to (1206, 1024), scheduling swapchain recreation.
[2026-02-16 21:22:27.282] [info] [render.frame_scheduler] Window resized to (1242, 1024), scheduling swapchain recreation.
[2026-02-16 21:22:27.290] [info] [render.frame_scheduler] Window resized to (1266, 1024), scheduling swapchain recreation.
[2026-02-16 21:22:27.298] [info] [render.frame_scheduler] Window resized to (1292, 1024), scheduling swapchain recreation.
[2026-02-16 21:22:27.307] [info] [render.frame_scheduler] Window resized to (1318, 1024), scheduling swapchain recreation.
[2026-02-16 21:22:27.315] [info] [render.frame_scheduler] Window resized to (1344, 1024), scheduling swapchain recreation.
[2026-02-16 21:22:27.323] [info] [render.frame_scheduler] Window resized to (1372, 1024), scheduling swapchain recreation.
[2026-02-16 21:22:27.332] [info] [render.frame_scheduler] Window resized to (1420, 1024), scheduling swapchain recreation.
[2026-02-16 21:22:27.340] [info] [render.frame_scheduler] Window resized to (1438, 1024), scheduling swapchain recreation.
[2026-02-16 21:22:27.348] [info] [render.frame_scheduler] Window resized to (1454, 1024), scheduling swapchain recreation.
[2026-02-16 21:22:27.357] [info] [render.frame_scheduler] Window resized to (1464, 1024), scheduling swapchain recreation.
[2026-02-16 21:22:27.365] [info] [render.frame_scheduler] Window resized to (1480, 1024), scheduling swapchain recreation.
[2026-02-16 21:22:27.373] [info] [render.frame_scheduler] Window resized to (1484, 1024), scheduling swapchain recreation.
[2026-02-16 21:22:27.382] [info] [render.frame_scheduler] Window resized to (1486, 1024), scheduling swapchain recreation.
[2026-02-16 21:22:27.467] [info] [render.frame_scheduler] Window resized to (1488, 1024), scheduling swapchain recreation.
[2026-02-16 21:22:27.497] [warning] [render.frame_scheduler] Swapchain suboptimal during presentation; scheduling recreation.
[2026-02-16 21:22:27.497] [info] [render.frame_scheduler] Recreating swapchain resources after present/resize event.
[2026-02-16 21:22:27.498] [info] [rhi.swapchain] Creating swapchain: image_count=3, extent=(1488,1024)
[2026-02-16 21:22:27.498] [info] [rhi.swapchain] Swapchain created with 3 images.
[2026-02-16 21:22:27.498] [info] [render.frame_scheduler] Swapchain resources recreated (generation 1 -> 2).
[2026-02-16 21:22:29.500] [info] [render.frame_scheduler] Window resized to (1500, 1040), scheduling swapchain recreation.
[2026-02-16 21:22:29.507] [info] [render.frame_scheduler] Window resized to (1508, 1048), scheduling swapchain recreation.
[2026-02-16 21:22:29.515] [info] [render.frame_scheduler] Window resized to (1532, 1074), scheduling swapchain recreation.
[2026-02-16 21:22:29.524] [info] [render.frame_scheduler] Window resized to (1546, 1088), scheduling swapchain recreation.
[2026-02-16 21:22:29.532] [info] [render.frame_scheduler] Window resized to (1564, 1106), scheduling swapchain recreation.
[2026-02-16 21:22:29.540] [info] [render.frame_scheduler] Window resized to (1576, 1118), scheduling swapchain recreation.
[2026-02-16 21:22:29.548] [info] [render.frame_scheduler] Window resized to (1596, 1140), scheduling swapchain recreation.
[2026-02-16 21:22:29.557] [info] [render.frame_scheduler] Window resized to (1610, 1154), scheduling swapchain recreation.
[2026-02-16 21:22:29.565] [info] [render.frame_scheduler] Window resized to (1626, 1168), scheduling swapchain recreation.
[2026-02-16 21:22:29.573] [info] [render.frame_scheduler] Window resized to (1668, 1210), scheduling swapchain recreation.
[2026-02-16 21:22:29.582] [info] [render.frame_scheduler] Window resized to (1686, 1226), scheduling swapchain recreation.
[2026-02-16 21:22:29.590] [info] [render.frame_scheduler] Window resized to (1694, 1232), scheduling swapchain recreation.
[2026-02-16 21:22:29.598] [info] [render.frame_scheduler] Window resized to (1710, 1246), scheduling swapchain recreation.
[2026-02-16 21:22:29.607] [info] [render.frame_scheduler] Window resized to (1728, 1258), scheduling swapchain recreation.
[2026-02-16 21:22:29.615] [info] [render.frame_scheduler] Window resized to (1738, 1264), scheduling swapchain recreation.
[2026-02-16 21:22:29.623] [info] [render.frame_scheduler] Window resized to (1750, 1272), scheduling swapchain recreation.
[2026-02-16 21:22:29.632] [info] [render.frame_scheduler] Window resized to (1758, 1274), scheduling swapchain recreation.
[2026-02-16 21:22:29.640] [info] [render.frame_scheduler] Window resized to (1762, 1278), scheduling swapchain recreation.
[2026-02-16 21:22:29.648] [info] [render.frame_scheduler] Window resized to (1766, 1280), scheduling swapchain recreation.
[2026-02-16 21:22:29.731] [warning] [render.frame_scheduler] Swapchain suboptimal during presentation; scheduling recreation.
[2026-02-16 21:22:29.731] [info] [render.frame_scheduler] Recreating swapchain resources after present/resize event.
[2026-02-16 21:22:29.732] [info] [rhi.swapchain] Creating swapchain: image_count=3, extent=(1766,1280)
[2026-02-16 21:22:29.733] [info] [rhi.swapchain] Swapchain created with 3 images.
[2026-02-16 21:22:29.733] [info] [render.frame_scheduler] Swapchain resources recreated (generation 2 -> 3).
[2026-02-16 21:22:42.605] [info] [framework.core.engine] Engine run finished (frames=2452, fixed_ticks=1248, stop_requested=false, should_close=true)
[2026-02-16 21:22:42.607] [info] [resource.manager] Flushing GPU caches after wait_idle (live_resources=8, retired_resources=0)
[2026-02-16 21:22:42.630] [info] [framework.integration.pbpt.offline_service] Offline render cancel requested while not running.
